Ideally your DEFUN *( )* should be on the last branch of a particular expansion.
This allows the ability to define functions to be easily switched off e.g. not allowing function definitions whilst defining functions. If your grammar doesn't allow that kind of recursion (ie. PARAMS and FVALUE are defined in such a way that they cannot encounter a DEFUN - then you can blithely ignore this warning. 
However if your grammar would allow a DEFUN to be encountered whilst expanding the definition of a function (a function definition within a function), then I am not sure what the results will be.
Found the chain _DOFUNC, which contains code 125
%token COMMA
%token ORB
%token CRB
%token OSB
%token CSB
%token DEFUN
%token OFB
%token CFB
%token OCB
%token CCB
%token BEGINEXEC
%token ENDEXEC
%token PLUS
%token MINUS
%token MULT
%token DIV
%token SEMICOLON
%token COLON
%token GREATER
%token LESS
%token EEQUAL
%token EQUAL
%token ZERO
%token ONE
%token TWO
%token THREE
%token FOUR
%token FIVE
%token SIX
%token SEVEN
%token EIGHT
%token NINE
%token NOP
%token BEPOPTREE
%token FUNCPLACEHOLDER
%token PUSEPLACEHOLDER
%token IMPORT
%token ROBOCODE.*;
%token N
%token PUBLIC
%token CLASS
%token NAME
%token EXTENDS
%token ROBOT;
%token VOID
%token RUN()
%token WHILE
%token (TRUE)
%token ONSCANNEDROBOT(SCANNEDROBOTEVENT
%token E)
%token ONHITBYBULLET(HITBYBULLETEVENT
%token ONHITROBOT(HITROBOTEVENT
%token ONHITWALL(HITWALLEVENT
%token IF
%token ELSE
%token TURNRIGHT(
%token TURNLEFT(
%token TURNGUNRIGHT(
%token TURNGUNLEFT(
%token TURNRADARRIGHT(
%token TURNRADARLEFT(
%token AHEAD(
%token BACK(
%token RESUME()
%token STOP()
%token SETADJUSTGUNFORROBOTTURN(
%token SETADJUSTRADARFORROBOTTURN(
%token SETADJUSTRADARFORGUNTURN(
%token FIRE(1)
%token FIRE(2)
%token FIRE(3)
%token FIRE(4)
%token PDIV(
%token !(
%token &&
%token ^^
%token OR
%token OHBBVARIABLES
%token OHBBVARIABLE
%token OP
%token OSRVARIABLES
%token OSRVARIABLE
%token OSRVARIABLES
%token OHRVARIABLES
%token OHRVARIABLE
%token OHRVARIABLES
%token ONHITROBOTVARIABLE
%token OHWVARIABLES
%token OHWVARIABLE
%token ONHITWALLVARIABLE
%token GETX()
%token GETY()
%token GETHEADING()
%token GETGUNHEADING()
%token GETGUNHEAT()
%token GETRADARHEADING()
%token GETBATTLEFIELDWIDTH()
%token GETENERGY()
%token E.GETBEARING()
%token E.GETHEADIGN()
%token E.GETHEADING()
%token E.GETVELOCITY()
%token E.GETENERGY()
%token E.GETDISTANCE()
%token E.ISMYFAULT()
%token PDIV(DOUBLE
%token TOP,
%token DOUBLE
%token BOTTOM)
%token (BOTTOM
%token 0)
%token RETURN
%token 1.0;
%token TOP/BOTTOM;
%token _DOFUNC
%token _DOPUSE
%token DPVAL
%token DFVAL
%token PARAMS
%token PARAM
%token FPARS
%token FUNCBODY
%token POPTREE
%token POPTREED
%token _FUNC
%token _PUSE
CODE: 
	IMPORT ROBOCODE.*; N PUBLIC CLASS NAME EXTENDS ROBOT; N PDIVCODE N PUBLIC VOID RUN() OCB N MAINSENTENCES N WHILE (TRUE) OCB MAINSENTENCES CCB N CCB PUBLIC VOID ONSCANNEDROBOT(SCANNEDROBOTEVENT E) OCB N OSRSENTENCES CCB N PUBLIC VOID ONHITBYBULLET(HITBYBULLETEVENT E) OCB N OHBBSENTENCES CCB N PUBLIC VOID ONHITROBOT(HITROBOTEVENT E) OCB N OHRSENTENCES CCB N PUBLIC VOID ONHITWALL(HITWALLEVENT E) OCB N OHWSENTENCES CCB N CCB 
	
MAINSENTENCES: 
	MAINSENTENCE SEMICOLON MAINSENTENCES |
	MAINSENTENCE SEMICOLON 
	
MAINSENTENCE: 
	IF ORB MBOOL CRB OCB MAINSENTENCES CCB ELSE OCB MAINSENTENCES CCB |
	MAINACTION 
	
MAINACTION: 
	MTURNACTION |
	MMOVEACTION |
	MSETACTION |
	FIREACTION 
	
MTURNACTION: 
	TURNRIGHT( MVARIABLES CRB |
	TURNLEFT( MVARIABLES CRB |
	TURNGUNRIGHT( MVARIABLES CRB |
	TURNGUNLEFT( MVARIABLES CRB |
	TURNRADARRIGHT( MVARIABLES CRB |
	TURNRADARLEFT( MVARIABLES CRB 
	
MMOVEACTION: 
	AHEAD( MVARIABLES CRB |
	BACK( MVARIABLES CRB |
	RESUME() |
	STOP() 
	
MSETACTION: 
	SETADJUSTGUNFORROBOTTURN( MBOOL CRB |
	SETADJUSTRADARFORROBOTTURN( MBOOL CRB |
	SETADJUSTRADARFORGUNTURN( MBOOL CRB 
	
FIREACTION: 
	FIRE(1) |
	FIRE(2) |
	FIRE(3) |
	FIRE(4) 
	
MVARIABLES: 
	TWOMVARIABLES |
	MVARIABLE 
	
MVARIABLE: 
	GLOBALVARIABLE |
	MAINLOOPVARIABLE 
	
TWOMVARIABLES: 
	ORB MVARIABLES PLUS MVARIABLES CRB |
	ORB MVARIABLES MINUS MVARIABLES CRB |
	ORB MVARIABLES MULT MVARIABLES CRB |
	PDIV( MVARIABLES COMMA MVARIABLES CRB 
	
MBOOL: 
	ORB MBOOL BOOLOP MBOOL CRB |
	ORB MVARIABLE COMP MVARIABLE CRB |
	!( MBOOL CRB 
	
COMP: 
	GREATER |
	LESS |
	EEQUAL 
	
BOOLOP: 
	&& |
	^^ |
	OR 
	
OHBBSENTENCES: 
	OHBBSENTENCE SEMICOLON OHBBSENTENCES |
	OHBBSENTENCE SEMICOLON 
	
OHBBSENTENCE: 
	IF ORB OHBBBOOL CRB OCB OHBBSENTENCES CCB ELSE OCB OHBBSENTENCES CCB |
	OHBBACTION 
	
OHBBACTION: 
	OHBBTURNACTION |
	OHBBMOVEACTION |
	OHBBSETACTION |
	FIREACTION 
	
OHBBTURNACTION: 
	TURNRIGHT( OHBBVARIABLES CRB |
	TURNLEFT( OHBBVARIABLES CRB |
	TURNGUNRIGHT( OHBBVARIABLES CRB |
	TURNGUNLEFT( OHBBVARIABLES CRB |
	TURNRADARRIGHT( OHBBVARIABLES CRB |
	TURNRADARLEFT( OHBBVARIABLES CRB 
	
OHBBMOVEACTION: 
	AHEAD( OHBBVARIABLES CRB |
	BACK( OHBBVARIABLES CRB |
	RESUME() |
	STOP() 
	
OHBBSETACTION: 
	SETADJUSTGUNFORROBOTTURN( OHBBBOOL CRB |
	SETADJUSTRADARFORROBOTTURN( OHBBBOOL CRB |
	SETADJUSTRADARFORGUNTURN( OHBBBOOL CRB 
	
TWOOHBBVARIABLES: 
	ORB OHBBVARIABLES PLUS OHBBVARIABLES CRB |
	ORB OHBBVARIABLES MINUS OHBBVARIABLES CRB |
	ORB OHBBVARIABLES MULT OHBBVARIABLES CRB |
	PDIV( OHBBVARIABLES COMMA OHBBVARIABLES CRB 
	
OHBBBOOL: 
	ORB OHBBBOOL BOOLOP OHBBBOOL CRB |
	ORB OHBBVARIABLE COMP OHBBVARIABLE CRB |
	!( OHBBBOOL CRB 
	
OHBBVARIABLES: 
	ORB OHBBVARIABLES OP OHBBVARIABLES CRB |
	OHBBVARIABLE 
	
OHBBVARIABLE: 
	GLOBALVARIABLE |
	ONHITBYBULLETVARIABLE 
	
OSRSENTENCES: 
	OSRSENTENCE SEMICOLON OSRSENTENCES |
	OSRSENTENCE SEMICOLON 
	
OSRSENTENCE: 
	IF ORB OSRBOOL CRB OCB OSRSENTENCES CCB ELSE OCB OSRSENTENCES CCB |
	OSRACTION 
	
OSRACTION: 
	OSRTURNACTION |
	OSRMOVEACTION |
	OSRSETACTION |
	FIREACTION 
	
OSRTURNACTION: 
	TURNRIGHT( OSRVARIABLES CRB |
	TURNLEFT( OSRVARIABLES CRB |
	TURNGUNRIGHT( OSRVARIABLES CRB |
	TURNGUNLEFT( OSRVARIABLES CRB |
	TURNRADARRIGHT( OSRVARIABLES CRB |
	TURNRADARLEFT( OSRVARIABLES CRB 
	
OSRMOVEACTION: 
	AHEAD( OSRVARIABLES CRB |
	BACK( OSRVARIABLES CRB |
	RESUME() |
	STOP() 
	
OSRSETACTION: 
	SETADJUSTGUNFORROBOTTURN( OSRBOOL CRB |
	SETADJUSTRADARFORROBOTTURN( OSRBOOL CRB |
	SETADJUSTRADARFORGUNTURN( OSRBOOL CRB 
	
TWOOSRVARIABLES: 
	ORB OSRVARIABLES PLUS OSRVARIABLES CRB |
	ORB OSRVARIABLES MINUS OSRVARIABLES CRB |
	ORB OSRVARIABLES MULT OSRVARIABLES CRB |
	PDIV( OSRVARIABLES COMMA OSRVARIABLES CRB 
	
OSRBOOL: 
	ORB OSRBOOL BOOLOP OSRBOOL CRB |
	ORB OSRVARIABLE COMP OSRVARIABLE CRB |
	!( OSRBOOL CRB 
	
OSRVARIABLES: 
	ORB OSRVARIABLES OP OSRVARIABLES CRB |
	OSRVARIABLE 
	
OSRVARIABLE: 
	GLOBALVARIABLE |
	ONSCANNEDROBOTVARIABLE 
	
OHRSENTENCES: 
	OHRSENTENCE SEMICOLON OHRSENTENCES |
	OHRSENTENCE SEMICOLON 
	
OHRSENTENCE: 
	IF ORB OHRBOOL CRB OCB OHRSENTENCES CCB ELSE OCB OHRSENTENCES CCB |
	OHRACTION 
	
OHRACTION: 
	OHRTURNACTION |
	OHRMOVEACTION |
	OHRSETACTION |
	FIREACTION 
	
OHRTURNACTION: 
	TURNRIGHT( OHRVARIABLES CRB |
	TURNLEFT( OHRVARIABLES CRB |
	TURNGUNRIGHT( OHRVARIABLES CRB |
	TURNGUNLEFT( OHRVARIABLES CRB |
	TURNRADARRIGHT( OHRVARIABLES CRB |
	TURNRADARLEFT( OHRVARIABLES CRB 
	
OHRMOVEACTION: 
	AHEAD( OHRVARIABLES CRB |
	BACK( OHRVARIABLES CRB |
	RESUME() |
	STOP() 
	
OHRSETACTION: 
	SETADJUSTGUNFORROBOTTURN( OHRBOOL CRB |
	SETADJUSTRADARFORROBOTTURN( OHRBOOL CRB |
	SETADJUSTRADARFORGUNTURN( OHRBOOL CRB 
	
TWOOHRVARIABLES: 
	ORB OHRVARIABLES PLUS OHRVARIABLES CRB |
	ORB OHRVARIABLES MINUS OHRVARIABLES CRB |
	ORB OHRVARIABLES MULT OHRVARIABLES CRB |
	PDIV( OHRVARIABLES COMMA OHRVARIABLES CRB 
	
OHRBOOL: 
	ORB OHRBOOL BOOLOP OHRBOOL CRB |
	ORB OHRVARIABLE COMP OHRVARIABLE CRB |
	!( OHRBOOL CRB 
	
OHRVARIABLES: 
	ORB OHRVARIABLES OP OHRVARIABLES CRB |
	OHRVARIABLE 
	
OHRVARIABLE: 
	GLOBALVARIABLE |
	ONHITROBOTVARIABLE 
	
OHWSENTENCES: 
	OHWSENTENCE SEMICOLON OHWSENTENCES |
	OHWSENTENCE SEMICOLON 
	
OHWSENTENCE: 
	IF ORB OHWBOOL CRB OCB OHWSENTENCES CCB ELSE OCB OHWSENTENCES CCB |
	OHWACTION 
	
OHWACTION: 
	OHWTURNACTION |
	OHWMOVEACTION |
	OHWSETACTION |
	FIREACTION 
	
OHWTURNACTION: 
	TURNRIGHT( OHWVARIABLES CRB |
	TURNLEFT( OHWVARIABLES CRB |
	TURNGUNRIGHT( OHWVARIABLES CRB |
	TURNGUNLEFT( OHWVARIABLES CRB |
	TURNRADARRIGHT( OHWVARIABLES CRB |
	TURNRADARLEFT( OHWVARIABLES CRB 
	
OHWMOVEACTION: 
	AHEAD( OHWVARIABLES CRB |
	BACK( OHWVARIABLES CRB |
	RESUME() |
	STOP() 
	
OHWSETACTION: 
	SETADJUSTGUNFORROBOTTURN( OHWBOOL CRB |
	SETADJUSTRADARFORROBOTTURN( OHWBOOL CRB |
	SETADJUSTRADARFORGUNTURN( OHWBOOL CRB 
	
TWOOHWVARIABLES: 
	ORB OHWVARIABLES PLUS OHWVARIABLES CRB |
	ORB OHWVARIABLES MINUS OHWVARIABLES CRB |
	ORB OHWVARIABLES MULT OHWVARIABLES CRB |
	PDIV( OHWVARIABLES COMMA OHWVARIABLES CRB 
	
OHWBOOL: 
	ORB OHWBOOL BOOLOP OHWBOOL CRB |
	ORB OHWVARIABLE COMP OHWVARIABLE CRB |
	!( OHWBOOL CRB 
	
OHWVARIABLES: 
	ORB OHWVARIABLES OP OHWVARIABLES CRB |
	OHWVARIABLE 
	
OHWVARIABLE: 
	GLOBALVARIABLE |
	ONHITWALLVARIABLE 
	
GLOBALVARIABLE: 
	GETX() |
	GETY() |
	GETHEADING() |
	GETGUNHEADING() |
	GETGUNHEAT() |
	GETRADARHEADING() |
	GETBATTLEFIELDWIDTH() |
	GETBATTLEFIELDWIDTH() |
	GETENERGY() 
	
MAINLOOPVARIABLE: 
	GETHEADING() 
	
ONHITBYBULLETVARIABLE: 
	E.GETBEARING() |
	E.GETHEADIGN() 
	
ONSCANNEDROBOTVARIABLE: 
	E.GETBEARING() |
	E.GETHEADING() |
	E.GETVELOCITY() |
	E.GETENERGY() |
	E.GETDISTANCE() 
	
ONHITROBOTVARIALE: 
	E.GETBEARING() |
	E.GETHEADING() |
	E.ISMYFAULT() ONHITWALLVARIABLE E.GETBEARING() 
	
PDIVCODE: 
	PUBLIC PDIV(DOUBLE TOP, DOUBLE BOTTOM) OCB IF (BOTTOM EEQUAL 0) RETURN 1.0; ELSE RETURN TOP/BOTTOM; CCB 
	
NOTUSED: 
	DEFUN OFB CFB |
	_DOFUNC |
	_DOPUSE |
	DPVAL |
	DFVAL |
	PARAMS |
	PARAM |
	FPARS |
	FUNCBODY 
	
_DOFUNC: 
	_FUNC 
	
_DOPUSE: 
	_PUSE 
	
